{"meta": {"version": "7.2.7", "timestamp": "2023-07-06T18:49:31.484653", "branch_coverage": false, "show_contexts": false}, "files": {"fstr\\__init__.py": {"executed_lines": [0], "summary": {"covered_lines": 0, "num_statements": 0, "percent_covered": 100.0, "percent_covered_display": "100", "missing_lines": 0, "excluded_lines": 0}, "missing_lines": [], "excluded_lines": []}, "fstr\\asgi.py": {"executed_lines": [], "summary": {"covered_lines": 0, "num_statements": 4, "percent_covered": 0.0, "percent_covered_display": "0", "missing_lines": 4, "excluded_lines": 0}, "missing_lines": [10, 12, 14, 16], "excluded_lines": []}, "fstr\\settings.py": {"executed_lines": [1, 12, 13, 14, 16, 21, 28, 31, 33, 38, 49, 59, 61, 77, 90, 104, 117, 119, 121, 123, 129, 130, 137], "summary": {"covered_lines": 22, "num_statements": 22, "percent_covered": 100.0, "percent_covered_display": "100", "missing_lines": 0, "excluded_lines": 0}, "missing_lines": [], "excluded_lines": []}, "fstr\\urls.py": {"executed_lines": [1, 17, 18, 20], "summary": {"covered_lines": 3, "num_statements": 3, "percent_covered": 100.0, "percent_covered_display": "100", "missing_lines": 0, "excluded_lines": 0}, "missing_lines": [], "excluded_lines": []}, "fstr\\wsgi.py": {"executed_lines": [], "summary": {"covered_lines": 0, "num_statements": 4, "percent_covered": 0.0, "percent_covered_display": "0", "missing_lines": 4, "excluded_lines": 0}, "missing_lines": [10, 12, 14, 16], "excluded_lines": []}, "manage.py": {"executed_lines": [2, 3, 4, 7, 9, 10, 11, 18, 21, 22], "summary": {"covered_lines": 10, "num_statements": 12, "percent_covered": 83.33333333333333, "percent_covered_display": "83", "missing_lines": 2, "excluded_lines": 0}, "missing_lines": [12, 13], "excluded_lines": []}, "pereval\\__init__.py": {"executed_lines": [0], "summary": {"covered_lines": 0, "num_statements": 0, "percent_covered": 100.0, "percent_covered_display": "100", "missing_lines": 0, "excluded_lines": 0}, "missing_lines": [], "excluded_lines": []}, "pereval\\admin.py": {"executed_lines": [1], "summary": {"covered_lines": 1, "num_statements": 1, "percent_covered": 100.0, "percent_covered_display": "100", "missing_lines": 0, "excluded_lines": 0}, "missing_lines": [], "excluded_lines": []}, "pereval\\apps.py": {"executed_lines": [1, 4, 5, 6], "summary": {"covered_lines": 4, "num_statements": 4, "percent_covered": 100.0, "percent_covered_display": "100", "missing_lines": 0, "excluded_lines": 0}, "missing_lines": [], "excluded_lines": []}, "pereval\\migrations\\0001_initial.py": {"executed_lines": [3, 4, 7, 9, 11, 13], "summary": {"covered_lines": 6, "num_statements": 6, "percent_covered": 100.0, "percent_covered_display": "100", "missing_lines": 0, "excluded_lines": 0}, "missing_lines": [], "excluded_lines": []}, "pereval\\migrations\\0002_alter_perevaladded_coords.py": {"executed_lines": [3, 4, 7, 9, 13], "summary": {"covered_lines": 5, "num_statements": 5, "percent_covered": 100.0, "percent_covered_display": "100", "missing_lines": 0, "excluded_lines": 0}, "missing_lines": [], "excluded_lines": []}, "pereval\\migrations\\0003_images_pereval_images_title_alter_images_img.py": {"executed_lines": [3, 4, 7, 9, 13], "summary": {"covered_lines": 5, "num_statements": 5, "percent_covered": 100.0, "percent_covered_display": "100", "missing_lines": 0, "excluded_lines": 0}, "missing_lines": [], "excluded_lines": []}, "pereval\\migrations\\0004_remove_perevaladded_raw_data_and_more.py": {"executed_lines": [3, 4, 7, 9, 13], "summary": {"covered_lines": 5, "num_statements": 5, "percent_covered": 100.0, "percent_covered_display": "100", "missing_lines": 0, "excluded_lines": 0}, "missing_lines": [], "excluded_lines": []}, "pereval\\migrations\\0005_delete_perevalimages.py": {"executed_lines": [3, 6, 8, 12], "summary": {"covered_lines": 4, "num_statements": 4, "percent_covered": 100.0, "percent_covered_display": "100", "missing_lines": 0, "excluded_lines": 0}, "missing_lines": [], "excluded_lines": []}, "pereval\\migrations\\0006_perevaladded_user.py": {"executed_lines": [3, 4, 7, 9, 13], "summary": {"covered_lines": 5, "num_statements": 5, "percent_covered": 100.0, "percent_covered_display": "100", "missing_lines": 0, "excluded_lines": 0}, "missing_lines": [], "excluded_lines": []}, "pereval\\migrations\\0007_alter_users_email.py": {"executed_lines": [3, 6, 8, 12], "summary": {"covered_lines": 4, "num_statements": 4, "percent_covered": 100.0, "percent_covered_display": "100", "missing_lines": 0, "excluded_lines": 0}, "missing_lines": [], "excluded_lines": []}, "pereval\\migrations\\0008_alter_perevaladded_autumn_alter_perevaladded_spring_and_more.py": {"executed_lines": [3, 6, 8, 12], "summary": {"covered_lines": 4, "num_statements": 4, "percent_covered": 100.0, "percent_covered_display": "100", "missing_lines": 0, "excluded_lines": 0}, "missing_lines": [], "excluded_lines": []}, "pereval\\migrations\\__init__.py": {"executed_lines": [0], "summary": {"covered_lines": 0, "num_statements": 0, "percent_covered": 100.0, "percent_covered_display": "100", "missing_lines": 0, "excluded_lines": 0}, "missing_lines": [], "excluded_lines": []}, "pereval\\models.py": {"executed_lines": [1, 4, 5, 6, 7, 9, 10, 12, 15, 16, 23, 24, 25, 26, 27, 28, 29, 30, 31, 32, 33, 34, 35, 37, 38, 40, 41, 42, 44, 45, 47, 48, 50, 51, 53, 54, 55, 56, 57, 60, 61, 64, 65, 66, 67, 68, 69, 71, 72], "summary": {"covered_lines": 49, "num_statements": 50, "percent_covered": 98.0, "percent_covered_display": "98", "missing_lines": 1, "excluded_lines": 0}, "missing_lines": [13], "excluded_lines": []}, "pereval\\serializers.py": {"executed_lines": [1, 2, 3, 7, 8, 9, 10, 13, 14, 16, 17, 18, 19, 20, 21, 22, 28, 29, 30, 31, 34, 35, 36, 41, 75, 91, 92, 93, 94, 96, 97, 98], "summary": {"covered_lines": 32, "num_statements": 53, "percent_covered": 60.37735849056604, "percent_covered_display": "60", "missing_lines": 21, "excluded_lines": 0}, "missing_lines": [42, 43, 46, 47, 48, 49, 53, 54, 55, 57, 63, 64, 65, 66, 72, 76, 77, 78, 79, 88, 89], "excluded_lines": []}, "pereval\\tests.py": {"executed_lines": [1, 2, 3, 4, 6, 7, 9, 10, 12, 13, 14, 29, 30, 31, 32, 33], "summary": {"covered_lines": 16, "num_statements": 16, "percent_covered": 100.0, "percent_covered_display": "100", "missing_lines": 0, "excluded_lines": 0}, "missing_lines": [], "excluded_lines": []}, "pereval\\urls.py": {"executed_lines": [1, 2, 3, 5], "summary": {"covered_lines": 4, "num_statements": 4, "percent_covered": 100.0, "percent_covered_display": "100", "missing_lines": 0, "excluded_lines": 0}, "missing_lines": [], "excluded_lines": []}, "pereval\\views.py": {"executed_lines": [1, 2, 3, 4, 5, 9, 10, 11, 13, 14, 15, 22, 23, 37, 38, 39, 41, 60, 61, 63], "summary": {"covered_lines": 20, "num_statements": 41, "percent_covered": 48.78048780487805, "percent_covered_display": "49", "missing_lines": 21, "excluded_lines": 0}, "missing_lines": [16, 17, 28, 29, 35, 42, 43, 44, 46, 47, 48, 49, 51, 52, 53, 54, 55, 58, 64, 65, 67], "excluded_lines": []}}, "totals": {"covered_lines": 199, "num_statements": 252, "percent_covered": 78.96825396825396, "percent_covered_display": "79", "missing_lines": 53, "excluded_lines": 0}}